  Caution.cpp
  final.cpp
  JumpScare.cpp
C:\project\Run away\run away1\run away1\Scene\JumpScare.cpp(81,20): warning C4244: '引数': 'double' から 'int' への変換です。データが失われる可能性があります。
C:\project\Run away\run away1\run away1\Scene\JumpScare.cpp(81,15): warning C4244: '引数': 'double' から 'int' への変換です。データが失われる可能性があります。
  NightDoom.cpp
  GameOverScene.cpp
C:\project\Run away\run away1\run away1\Scene\GameOverScene.cpp(19,16): warning C4267: '=': 'size_t' から 'int' に変換しました。データが失われているかもしれません。
C:\project\Run away\run away1\run away1\Scene\GameOverScene.cpp(96,17): warning C4244: '引数': 'double' から 'int' への変換です。データが失われる可能性があります。
C:\project\Run away\run away1\run away1\Scene\GameOverScene.cpp(96,12): warning C4244: '引数': 'double' から 'int' への変換です。データが失われる可能性があります。
  GameClearScene.cpp
  AnimationController.cpp
  Enemy.cpp
C:\project\Run away\run away1\run away1\Object\Actor\Enemey\Enemy.cpp(177,16): warning C4305: '+=': 'double' から 'float' へ切り詰めます。
C:\project\Run away\run away1\run away1\Object\Actor\Enemey\Enemy.cpp(180,28): warning C4305: '-=': 'double' から 'float' へ切り詰めます。
C:\project\Run away\run away1\run away1\Object\Actor\Enemey\Enemy.cpp(181,29): warning C4305: '+=': 'double' から 'float' へ切り詰めます。
C:\project\Run away\run away1\run away1\Object\Actor\Enemey\Enemy.cpp(219,16): warning C4305: '+=': 'double' から 'float' へ切り詰めます。
C:\project\Run away\run away1\run away1\Object\Actor\Enemey\Enemy.cpp(223,28): warning C4305: '-=': 'double' から 'float' へ切り詰めます。
C:\project\Run away\run away1\run away1\Object\Actor\Enemey\Enemy.cpp(224,29): warning C4305: '+=': 'double' から 'float' へ切り詰めます。
  Door.cpp
  Item.cpp
  ActorBase.cpp
C:\project\Run away\run away1\run away1\Object\Actor\ActorBase.cpp(111,2): warning C4150: 'AnimationController' 型を削除するため delete 演算子が呼び出されましたが、定義がありません。
      C:\project\Run away\run away1\run away1\Object\Actor\ActorBase.h(4,7):
      'AnimationController' の宣言を確認してください
  
  Application.cpp
  LoadScene.cpp
C:\project\Run away\run away1\run away1\Scene\LoadScene.cpp(41,15): warning C4244: '+=': 'float' から 'int' への変換です。データが失われる可能性があります。
C:\project\Run away\run away1\run away1\Scene\LoadScene.cpp(73,19): warning C4244: '初期化中': 'double' から 'float' への変換です。データが失われる可能性があります。
  GameScene.cpp
  Camera.cpp
  Fader.cpp
  InputManager.cpp
  main.cpp
  Quaternion.cpp
  SceneManager.cpp
  コードを生成中...
  コンパイル中...
  Stage.cpp
  Player.cpp
C:\project\Run away\run away1\run away1\Object\Actor\Player\Player.cpp(359,18): warning C4244: '初期化中': 'int' から 'float' への変換です。データが失われる可能性があります。
C:\project\Run away\run away1\run away1\Object\Actor\Player\Player.cpp(360,18): warning C4244: '初期化中': 'int' から 'float' への変換です。データが失われる可能性があります。
C:\project\Run away\run away1\run away1\Object\Actor\Player\Player.cpp(384,55): warning C4244: '+=': 'double' から 'float' への変換です。データが失われる可能性があります。
C:\project\Run away\run away1\run away1\Object\Actor\Player\Player.cpp(385,55): warning C4244: '+=': 'double' から 'float' への変換です。データが失われる可能性があります。
  SceneBase.cpp
  TitleScene.cpp
  Sound.cpp
  SoundManager.cpp
C:\project\Run away\run away1\run away1\Manager\SoundManager.cpp(27,22): warning C4305: '引数': 'double' から 'float' へ切り詰めます。
C:\project\Run away\run away1\run away1\Manager\SoundManager.cpp(31,22): warning C4305: '引数': 'double' から 'float' へ切り詰めます。
C:\project\Run away\run away1\run away1\Manager\SoundManager.cpp(35,22): warning C4305: '引数': 'double' から 'float' へ切り詰めます。
C:\project\Run away\run away1\run away1\Manager\SoundManager.cpp(39,22): warning C4305: '引数': 'double' から 'float' へ切り詰めます。
C:\project\Run away\run away1\run away1\Manager\SoundManager.cpp(43,22): warning C4305: '引数': 'double' から 'float' へ切り詰めます。
C:\project\Run away\run away1\run away1\Manager\SoundManager.cpp(47,22): warning C4305: '引数': 'double' から 'float' へ切り詰めます。
C:\project\Run away\run away1\run away1\Manager\SoundManager.cpp(51,22): warning C4305: '引数': 'double' から 'float' へ切り詰めます。
C:\project\Run away\run away1\run away1\Manager\SoundManager.cpp(55,22): warning C4305: '引数': 'double' から 'float' へ切り詰めます。
C:\project\Run away\run away1\run away1\Manager\SoundManager.cpp(59,22): warning C4305: '引数': 'double' から 'float' へ切り詰めます。
C:\project\Run away\run away1\run away1\Manager\SoundManager.cpp(63,22): warning C4305: '引数': 'double' から 'float' へ切り詰めます。
C:\project\Run away\run away1\run away1\Manager\SoundManager.cpp(67,22): warning C4305: '引数': 'double' から 'float' へ切り詰めます。
C:\project\Run away\run away1\run away1\Manager\SoundManager.cpp(71,22): warning C4305: '引数': 'double' から 'float' へ切り詰めます。
C:\project\Run away\run away1\run away1\Manager\SoundManager.cpp(75,22): warning C4305: '引数': 'double' から 'float' へ切り詰めます。
C:\project\Run away\run away1\run away1\Manager\SoundManager.cpp(79,22): warning C4305: '引数': 'double' から 'float' へ切り詰めます。
C:\project\Run away\run away1\run away1\Manager\SoundManager.cpp(83,22): warning C4305: '引数': 'double' から 'float' へ切り詰めます。
C:\project\Run away\run away1\run away1\Manager\SoundManager.cpp(87,22): warning C4305: '引数': 'double' から 'float' へ切り詰めます。
  Utility.cpp
  Matrixutility.cpp
  AsoUtility.cpp
  Vector2.cpp
  コードを生成中...
EffekseerForDXLib_vs2019_x64_d.lib(EffekseerForDXLib.obj) : warning LNK4099: PDB '' が 'EffekseerForDXLib_vs2019_x64_d.lib(EffekseerForDXLib.obj)' で、または '' に見つかりません。デバッグ情報がないものとして、オブジェクトにリンクします。
Effekseer_vs2019_x64_d.lib(Effekseer.Vector3D.obj) : warning LNK4099: PDB '' が 'Effekseer_vs2019_x64_d.lib(Effekseer.Vector3D.obj)' で、または '' に見つかりません。デバッグ情報がないものとして、オブジェクトにリンクします。
Effekseer_vs2019_x64_d.lib(Effekseer.Color.obj) : warning LNK4099: PDB '' が 'Effekseer_vs2019_x64_d.lib(Effekseer.Color.obj)' で、または '' に見つかりません。デバッグ情報がないものとして、オブジェクトにリンクします。
Effekseer_vs2019_x64_d.lib(Effekseer.Matrix44.obj) : warning LNK4099: PDB '' が 'Effekseer_vs2019_x64_d.lib(Effekseer.Matrix44.obj)' で、または '' に見つかりません。デバッグ情報がないものとして、オブジェクトにリンクします。
Effekseer_vs2019_x64_d.lib(Effekseer.Effect.obj) : warning LNK4099: PDB '' が 'Effekseer_vs2019_x64_d.lib(Effekseer.Effect.obj)' で、または '' に見つかりません。デバッグ情報がないものとして、オブジェクトにリンクします。
Effekseer_vs2019_x64_d.lib(Effekseer.Manager.obj) : warning LNK4099: PDB '' が 'Effekseer_vs2019_x64_d.lib(Effekseer.Manager.obj)' で、または '' に見つかりません。デバッグ情報がないものとして、オブジェクトにリンクします。
Effekseer_vs2019_x64_d.lib(Effekseer.Setting.obj) : warning LNK4099: PDB '' が 'Effekseer_vs2019_x64_d.lib(Effekseer.Setting.obj)' で、または '' に見つかりません。デバッグ情報がないものとして、オブジェクトにリンクします。
Effekseer_vs2019_x64_d.lib(Effekseer.Server.obj) : warning LNK4099: PDB '' が 'Effekseer_vs2019_x64_d.lib(Effekseer.Server.obj)' で、または '' に見つかりません。デバッグ情報がないものとして、オブジェクトにリンクします。
Effekseer_vs2019_x64_d.lib(Effekseer.CurveLoader.obj) : warning LNK4099: PDB '' が 'Effekseer_vs2019_x64_d.lib(Effekseer.CurveLoader.obj)' で、または '' に見つかりません。デバッグ情報がないものとして、オブジェクトにリンクします。
Effekseer_vs2019_x64_d.lib(Effekseer.CustomAllocator.obj) : warning LNK4099: PDB '' が 'Effekseer_vs2019_x64_d.lib(Effekseer.CustomAllocator.obj)' で、または '' に見つかりません。デバッグ情報がないものとして、オブジェクトにリンクします。
Effekseer_vs2019_x64_d.lib(Effekseer.DefaultEffectLoader.obj) : warning LNK4099: PDB '' が 'Effekseer_vs2019_x64_d.lib(Effekseer.DefaultEffectLoader.obj)' で、または '' に見つかりません。デバッグ情報がないものとして、オブジェクトにリンクします。
Effekseer_vs2019_x64_d.lib(Effekseer.InternalScript.obj) : warning LNK4099: PDB '' が 'Effekseer_vs2019_x64_d.lib(Effekseer.InternalScript.obj)' で、または '' に見つかりません。デバッグ情報がないものとして、オブジェクトにリンクします。
Effekseer_vs2019_x64_d.lib(Effekseer.EffectNode.obj) : warning LNK4099: PDB '' が 'Effekseer_vs2019_x64_d.lib(Effekseer.EffectNode.obj)' で、または '' に見つかりません。デバッグ情報がないものとして、オブジェクトにリンクします。
Effekseer_vs2019_x64_d.lib(Effekseer.ResourceManager.obj) : warning LNK4099: PDB '' が 'Effekseer_vs2019_x64_d.lib(Effekseer.ResourceManager.obj)' で、または '' に見つかりません。デバッグ情報がないものとして、オブジェクトにリンクします。
Effekseer_vs2019_x64_d.lib(Utils.obj) : warning LNK4099: PDB '' が 'Effekseer_vs2019_x64_d.lib(Utils.obj)' で、または '' に見つかりません。デバッグ情報がないものとして、オブジェクトにリンクします。
Effekseer_vs2019_x64_d.lib(Mat43f.obj) : warning LNK4099: PDB '' が 'Effekseer_vs2019_x64_d.lib(Mat43f.obj)' で、または '' に見つかりません。デバッグ情報がないものとして、オブジェクトにリンクします。
Effekseer_vs2019_x64_d.lib(Mat44f.obj) : warning LNK4099: PDB '' が 'Effekseer_vs2019_x64_d.lib(Mat44f.obj)' で、または '' に見つかりません。デバッグ情報がないものとして、オブジェクトにリンクします。
Effekseer_vs2019_x64_d.lib(Effekseer.Matrix43.obj) : warning LNK4099: PDB '' が 'Effekseer_vs2019_x64_d.lib(Effekseer.Matrix43.obj)' で、または '' に見つかりません。デバッグ情報がないものとして、オブジェクトにリンクします。
Effekseer_vs2019_x64_d.lib(Effekseer.Random.obj) : warning LNK4099: PDB '' が 'Effekseer_vs2019_x64_d.lib(Effekseer.Random.obj)' で、または '' に見つかりません。デバッグ情報がないものとして、オブジェクトにリンクします。
Effekseer_vs2019_x64_d.lib(Effekseer.InstanceGlobal.obj) : warning LNK4099: PDB '' が 'Effekseer_vs2019_x64_d.lib(Effekseer.InstanceGlobal.obj)' で、または '' に見つかりません。デバッグ情報がないものとして、オブジェクトにリンクします。
Effekseer_vs2019_x64_d.lib(Effekseer.Instance.obj) : warning LNK4099: PDB '' が 'Effekseer_vs2019_x64_d.lib(Effekseer.Instance.obj)' で、または '' に見つかりません。デバッグ情報がないものとして、オブジェクトにリンクします。
Effekseer_vs2019_x64_d.lib(Effekseer.InstanceChunk.obj) : warning LNK4099: PDB '' が 'Effekseer_vs2019_x64_d.lib(Effekseer.InstanceChunk.obj)' で、または '' に見つかりません。デバッグ情報がないものとして、オブジェクトにリンクします。
Effekseer_vs2019_x64_d.lib(Effekseer.WorkerThread.obj) : warning LNK4099: PDB '' が 'Effekseer_vs2019_x64_d.lib(Effekseer.WorkerThread.obj)' で、または '' に見つかりません。デバッグ情報がないものとして、オブジェクトにリンクします。
Effekseer_vs2019_x64_d.lib(Effekseer.InstanceContainer.obj) : warning LNK4099: PDB '' が 'Effekseer_vs2019_x64_d.lib(Effekseer.InstanceContainer.obj)' で、または '' に見つかりません。デバッグ情報がないものとして、オブジェクトにリンクします。
Effekseer_vs2019_x64_d.lib(Effekseer.InstanceGroup.obj) : warning LNK4099: PDB '' が 'Effekseer_vs2019_x64_d.lib(Effekseer.InstanceGroup.obj)' で、または '' に見つかりません。デバッグ情報がないものとして、オブジェクトにリンクします。
Effekseer_vs2019_x64_d.lib(ProceduralModelGenerator.obj) : warning LNK4099: PDB '' が 'Effekseer_vs2019_x64_d.lib(ProceduralModelGenerator.obj)' で、または '' に見つかりません。デバッグ情報がないものとして、オブジェクトにリンクします。
Effekseer_vs2019_x64_d.lib(Effekseer.EfkEfcFactory.obj) : warning LNK4099: PDB '' が 'Effekseer_vs2019_x64_d.lib(Effekseer.EfkEfcFactory.obj)' で、または '' に見つかりません。デバッグ情報がないものとして、オブジェクトにリンクします。
Effekseer_vs2019_x64_d.lib(Effekseer.Socket.obj) : warning LNK4099: PDB '' が 'Effekseer_vs2019_x64_d.lib(Effekseer.Socket.obj)' で、または '' に見つかりません。デバッグ情報がないものとして、オブジェクトにリンクします。
Effekseer_vs2019_x64_d.lib(Effekseer.DefaultFile.obj) : warning LNK4099: PDB '' が 'Effekseer_vs2019_x64_d.lib(Effekseer.DefaultFile.obj)' で、または '' に見つかりません。デバッグ情報がないものとして、オブジェクトにリンクします。
Effekseer_vs2019_x64_d.lib(Effekseer.FCurves.obj) : warning LNK4099: PDB '' が 'Effekseer_vs2019_x64_d.lib(Effekseer.FCurves.obj)' で、または '' に見つかりません。デバッグ情報がないものとして、オブジェクトにリンクします。
Effekseer_vs2019_x64_d.lib(Effekseer.RectF.obj) : warning LNK4099: PDB '' が 'Effekseer_vs2019_x64_d.lib(Effekseer.RectF.obj)' で、または '' に見つかりません。デバッグ情報がないものとして、オブジェクトにリンクします。
Effekseer_vs2019_x64_d.lib(ForceFields.obj) : warning LNK4099: PDB '' が 'Effekseer_vs2019_x64_d.lib(ForceFields.obj)' で、または '' に見つかりません。デバッグ情報がないものとして、オブジェクトにリンクします。
Effekseer_vs2019_x64_d.lib(Effekseer.Parameters.obj) : warning LNK4099: PDB '' が 'Effekseer_vs2019_x64_d.lib(Effekseer.Parameters.obj)' で、または '' に見つかりません。デバッグ情報がないものとして、オブジェクトにリンクします。
Effekseer_vs2019_x64_d.lib(Easing.obj) : warning LNK4099: PDB '' が 'Effekseer_vs2019_x64_d.lib(Easing.obj)' で、または '' に見つかりません。デバッグ情報がないものとして、オブジェクトにリンクします。
Effekseer_vs2019_x64_d.lib(Rotation.obj) : warning LNK4099: PDB '' が 'Effekseer_vs2019_x64_d.lib(Rotation.obj)' で、または '' に見つかりません。デバッグ情報がないものとして、オブジェクトにリンクします。
Effekseer_vs2019_x64_d.lib(Effekseer.EffectNodeModel.obj) : warning LNK4099: PDB '' が 'Effekseer_vs2019_x64_d.lib(Effekseer.EffectNodeModel.obj)' で、または '' に見つかりません。デバッグ情報がないものとして、オブジェクトにリンクします。
Effekseer_vs2019_x64_d.lib(Effekseer.EffectNodeRibbon.obj) : warning LNK4099: PDB '' が 'Effekseer_vs2019_x64_d.lib(Effekseer.EffectNodeRibbon.obj)' で、または '' に見つかりません。デバッグ情報がないものとして、オブジェクトにリンクします。
Effekseer_vs2019_x64_d.lib(Effekseer.EffectNodeRing.obj) : warning LNK4099: PDB '' が 'Effekseer_vs2019_x64_d.lib(Effekseer.EffectNodeRing.obj)' で、または '' に見つかりません。デバッグ情報がないものとして、オブジェクトにリンクします。
Effekseer_vs2019_x64_d.lib(Effekseer.EffectNodeSprite.obj) : warning LNK4099: PDB '' が 'Effekseer_vs2019_x64_d.lib(Effekseer.EffectNodeSprite.obj)' で、または '' に見つかりません。デバッグ情報がないものとして、オブジェクトにリンクします。
Effekseer_vs2019_x64_d.lib(Effekseer.EffectNodeTrack.obj) : warning LNK4099: PDB '' が 'Effekseer_vs2019_x64_d.lib(Effekseer.EffectNodeTrack.obj)' で、または '' に見つかりません。デバッグ情報がないものとして、オブジェクトにリンクします。
Effekseer_vs2019_x64_d.lib(Model.obj) : warning LNK4099: PDB '' が 'Effekseer_vs2019_x64_d.lib(Model.obj)' で、または '' に見つかりません。デバッグ情報がないものとして、オブジェクトにリンクします。
Effekseer_vs2019_x64_d.lib(Effekseer.Vector2D.obj) : warning LNK4099: PDB '' が 'Effekseer_vs2019_x64_d.lib(Effekseer.Vector2D.obj)' で、または '' に見つかりません。デバッグ情報がないものとして、オブジェクトにリンクします。
Effekseer_vs2019_x64_d.lib(CurlNoise.obj) : warning LNK4099: PDB '' が 'Effekseer_vs2019_x64_d.lib(CurlNoise.obj)' で、または '' に見つかりません。デバッグ情報がないものとして、オブジェクトにリンクします。
Effekseer_vs2019_x64_d.lib(SplineGenerator.obj) : warning LNK4099: PDB '' が 'Effekseer_vs2019_x64_d.lib(SplineGenerator.obj)' で、または '' に見つかりません。デバッグ情報がないものとして、オブジェクトにリンクします。
EffekseerRendererDX9_vs2019_x64_d.lib(EffekseerRenderer.Renderer.obj) : warning LNK4099: PDB '' が 'EffekseerRendererDX9_vs2019_x64_d.lib(EffekseerRenderer.Renderer.obj)' で、または '' に見つかりません。デバッグ情報がないものとして、オブジェクトにリンクします。
EffekseerRendererDX9_vs2019_x64_d.lib(TextureLoader.obj) : warning LNK4099: PDB '' が 'EffekseerRendererDX9_vs2019_x64_d.lib(TextureLoader.obj)' で、または '' に見つかりません。デバッグ情報がないものとして、オブジェクトにリンクします。
EffekseerRendererDX9_vs2019_x64_d.lib(EffekseerRendererDX9.Renderer.obj) : warning LNK4099: PDB '' が 'EffekseerRendererDX9_vs2019_x64_d.lib(EffekseerRendererDX9.Renderer.obj)' で、または '' に見つかりません。デバッグ情報がないものとして、オブジェクトにリンクします。
EffekseerRendererDX9_vs2019_x64_d.lib(EffekseerRenderer.Renderer_Impl.obj) : warning LNK4099: PDB '' が 'EffekseerRendererDX9_vs2019_x64_d.lib(EffekseerRenderer.Renderer_Impl.obj)' で、または '' に見つかりません。デバッグ情報がないものとして、オブジェクトにリンクします。
EffekseerRendererDX9_vs2019_x64_d.lib(ModelLoader.obj) : warning LNK4099: PDB '' が 'EffekseerRendererDX9_vs2019_x64_d.lib(ModelLoader.obj)' で、または '' に見つかりません。デバッグ情報がないものとして、オブジェクトにリンクします。
EffekseerRendererDX9_vs2019_x64_d.lib(EffekseerRenderer.DDSTextureLoader.obj) : warning LNK4099: PDB '' が 'EffekseerRendererDX9_vs2019_x64_d.lib(EffekseerRenderer.DDSTextureLoader.obj)' で、または '' に見つかりません。デバッグ情報がないものとして、オブジェクトにリンクします。
EffekseerRendererDX9_vs2019_x64_d.lib(EffekseerRenderer.PngTextureLoader.obj) : warning LNK4099: PDB '' が 'EffekseerRendererDX9_vs2019_x64_d.lib(EffekseerRenderer.PngTextureLoader.obj)' で、または '' に見つかりません。デバッグ情報がないものとして、オブジェクトにリンクします。
EffekseerRendererDX9_vs2019_x64_d.lib(EffekseerRenderer.TGATextureLoader.obj) : warning LNK4099: PDB '' が 'EffekseerRendererDX9_vs2019_x64_d.lib(EffekseerRenderer.TGATextureLoader.obj)' で、または '' に見つかりません。デバッグ情報がないものとして、オブジェクトにリンクします。
EffekseerRendererDX9_vs2019_x64_d.lib(EffekseerRenderer.RenderStateBase.obj) : warning LNK4099: PDB '' が 'EffekseerRendererDX9_vs2019_x64_d.lib(EffekseerRenderer.RenderStateBase.obj)' で、または '' に見つかりません。デバッグ情報がないものとして、オブジェクトにリンクします。
EffekseerRendererDX9_vs2019_x64_d.lib(EffekseerRendererDX9.RenderState.obj) : warning LNK4099: PDB '' が 'EffekseerRendererDX9_vs2019_x64_d.lib(EffekseerRendererDX9.RenderState.obj)' で、または '' に見つかりません。デバッグ情報がないものとして、オブジェクトにリンクします。
EffekseerRendererDX9_vs2019_x64_d.lib(EffekseerRenderer.CommonUtils.obj) : warning LNK4099: PDB '' が 'EffekseerRendererDX9_vs2019_x64_d.lib(EffekseerRenderer.CommonUtils.obj)' で、または '' に見つかりません。デバッグ情報がないものとして、オブジェクトにリンクします。
EffekseerRendererDX9_vs2019_x64_d.lib(GraphicsDevice.obj) : warning LNK4099: PDB '' が 'EffekseerRendererDX9_vs2019_x64_d.lib(GraphicsDevice.obj)' で、または '' に見つかりません。デバッグ情報がないものとして、オブジェクトにリンクします。
EffekseerRendererDX9_vs2019_x64_d.lib(EffekseerRenderer.IndexBufferBase.obj) : warning LNK4099: PDB '' が 'EffekseerRendererDX9_vs2019_x64_d.lib(EffekseerRenderer.IndexBufferBase.obj)' で、または '' に見つかりません。デバッグ情報がないものとして、オブジェクトにリンクします。
EffekseerRendererDX9_vs2019_x64_d.lib(EffekseerRendererDX9.IndexBuffer.obj) : warning LNK4099: PDB '' が 'EffekseerRendererDX9_vs2019_x64_d.lib(EffekseerRendererDX9.IndexBuffer.obj)' で、または '' に見つかりません。デバッグ情報がないものとして、オブジェクトにリンクします。
EffekseerRendererDX9_vs2019_x64_d.lib(EffekseerRendererDX9.MaterialLoader.obj) : warning LNK4099: PDB '' が 'EffekseerRendererDX9_vs2019_x64_d.lib(EffekseerRendererDX9.MaterialLoader.obj)' で、または '' に見つかりません。デバッグ情報がないものとして、オブジェクトにリンクします。
EffekseerRendererDX9_vs2019_x64_d.lib(EffekseerRendererDX9.ModelRenderer.obj) : warning LNK4099: PDB '' が 'EffekseerRendererDX9_vs2019_x64_d.lib(EffekseerRendererDX9.ModelRenderer.obj)' で、または '' に見つかりません。デバッグ情報がないものとして、オブジェクトにリンクします。
EffekseerRendererDX9_vs2019_x64_d.lib(EffekseerRendererDX9.Shader.obj) : warning LNK4099: PDB '' が 'EffekseerRendererDX9_vs2019_x64_d.lib(EffekseerRendererDX9.Shader.obj)' で、または '' に見つかりません。デバッグ情報がないものとして、オブジェクトにリンクします。
EffekseerRendererDX9_vs2019_x64_d.lib(EffekseerRendererDX9.VertexBuffer.obj) : warning LNK4099: PDB '' が 'EffekseerRendererDX9_vs2019_x64_d.lib(EffekseerRendererDX9.VertexBuffer.obj)' で、または '' に見つかりません。デバッグ情報がないものとして、オブジェクトにリンクします。
EffekseerRendererDX9_vs2019_x64_d.lib(EffekseerRendererDX9.DeviceObject.obj) : warning LNK4099: PDB '' が 'EffekseerRendererDX9_vs2019_x64_d.lib(EffekseerRendererDX9.DeviceObject.obj)' で、または '' に見つかりません。デバッグ情報がないものとして、オブジェクトにリンクします。
EffekseerRendererDX9_vs2019_x64_d.lib(EffekseerMaterialCompilerDX9.obj) : warning LNK4099: PDB '' が 'EffekseerRendererDX9_vs2019_x64_d.lib(EffekseerMaterialCompilerDX9.obj)' で、または '' に見つかりません。デバッグ情報がないものとして、オブジェクトにリンクします。
EffekseerRendererDX9_vs2019_x64_d.lib(EffekseerRenderer.VertexBufferBase.obj) : warning LNK4099: PDB '' が 'EffekseerRendererDX9_vs2019_x64_d.lib(EffekseerRenderer.VertexBufferBase.obj)' で、または '' に見つかりません。デバッグ情報がないものとして、オブジェクトにリンクします。
EffekseerRendererDX9_vs2019_x64_d.lib(ShaderGenerator.obj) : warning LNK4099: PDB '' が 'EffekseerRendererDX9_vs2019_x64_d.lib(ShaderGenerator.obj)' で、または '' に見つかりません。デバッグ情報がないものとして、オブジェクトにリンクします。
EffekseerRendererDX9_vs2019_x64_d.lib(ShaderGeneratorCommon.obj) : warning LNK4099: PDB '' が 'EffekseerRendererDX9_vs2019_x64_d.lib(ShaderGeneratorCommon.obj)' で、または '' に見つかりません。デバッグ情報がないものとして、オブジェクトにリンクします。
EffekseerRendererDX11_vs2019_x64_d.lib(EffekseerRendererDX11.Renderer.obj) : warning LNK4099: PDB '' が 'EffekseerRendererDX11_vs2019_x64_d.lib(EffekseerRendererDX11.Renderer.obj)' で、または '' に見つかりません。デバッグ情報がないものとして、オブジェクトにリンクします。
EffekseerRendererDX11_vs2019_x64_d.lib(GraphicsDevice.obj) : warning LNK4099: PDB '' が 'EffekseerRendererDX11_vs2019_x64_d.lib(GraphicsDevice.obj)' で、または '' に見つかりません。デバッグ情報がないものとして、オブジェクトにリンクします。
EffekseerRendererDX11_vs2019_x64_d.lib(EffekseerRendererDX11.RenderState.obj) : warning LNK4099: PDB '' が 'EffekseerRendererDX11_vs2019_x64_d.lib(EffekseerRendererDX11.RenderState.obj)' で、または '' に見つかりません。デバッグ情報がないものとして、オブジェクトにリンクします。
EffekseerRendererDX11_vs2019_x64_d.lib(EffekseerRendererDX11.IndexBuffer.obj) : warning LNK4099: PDB '' が 'EffekseerRendererDX11_vs2019_x64_d.lib(EffekseerRendererDX11.IndexBuffer.obj)' で、または '' に見つかりません。デバッグ情報がないものとして、オブジェクトにリンクします。
EffekseerRendererDX11_vs2019_x64_d.lib(EffekseerRendererDX11.MaterialLoader.obj) : warning LNK4099: PDB '' が 'EffekseerRendererDX11_vs2019_x64_d.lib(EffekseerRendererDX11.MaterialLoader.obj)' で、または '' に見つかりません。デバッグ情報がないものとして、オブジェクトにリンクします。
EffekseerRendererDX11_vs2019_x64_d.lib(EffekseerRendererDX11.ModelRenderer.obj) : warning LNK4099: PDB '' が 'EffekseerRendererDX11_vs2019_x64_d.lib(EffekseerRendererDX11.ModelRenderer.obj)' で、または '' に見つかりません。デバッグ情報がないものとして、オブジェクトにリンクします。
EffekseerRendererDX11_vs2019_x64_d.lib(EffekseerRendererDX11.Shader.obj) : warning LNK4099: PDB '' が 'EffekseerRendererDX11_vs2019_x64_d.lib(EffekseerRendererDX11.Shader.obj)' で、または '' に見つかりません。デバッグ情報がないものとして、オブジェクトにリンクします。
EffekseerRendererDX11_vs2019_x64_d.lib(EffekseerRendererDX11.VertexBuffer.obj) : warning LNK4099: PDB '' が 'EffekseerRendererDX11_vs2019_x64_d.lib(EffekseerRendererDX11.VertexBuffer.obj)' で、または '' に見つかりません。デバッグ情報がないものとして、オブジェクトにリンクします。
EffekseerRendererDX11_vs2019_x64_d.lib(EffekseerRendererDX11.DeviceObject.obj) : warning LNK4099: PDB '' が 'EffekseerRendererDX11_vs2019_x64_d.lib(EffekseerRendererDX11.DeviceObject.obj)' で、または '' に見つかりません。デバッグ情報がないものとして、オブジェクトにリンクします。
EffekseerRendererDX11_vs2019_x64_d.lib(EffekseerMaterialCompilerDX11.obj) : warning LNK4099: PDB '' が 'EffekseerRendererDX11_vs2019_x64_d.lib(EffekseerMaterialCompilerDX11.obj)' で、または '' に見つかりません。デバッグ情報がないものとして、オブジェクトにリンクします。
Effekseer_vs2019_x64_d.lib(ModelLoader.obj) : warning LNK4099: PDB '' が 'Effekseer_vs2019_x64_d.lib(ModelLoader.obj)' で、または '' に見つかりません。デバッグ情報がないものとして、オブジェクトにリンクします。
Effekseer_vs2019_x64_d.lib(Effekseer.MaterialFile.obj) : warning LNK4099: PDB '' が 'Effekseer_vs2019_x64_d.lib(Effekseer.MaterialFile.obj)' で、または '' に見つかりません。デバッグ情報がないものとして、オブジェクトにリンクします。
Effekseer_vs2019_x64_d.lib(Effekseer.CompiledMaterial.obj) : warning LNK4099: PDB '' が 'Effekseer_vs2019_x64_d.lib(Effekseer.CompiledMaterial.obj)' で、または '' に見つかりません。デバッグ情報がないものとして、オブジェクトにリンクします。
  run away1.vcxproj -> C:\project\Run away\run away1\x64\Debug\run away1.exe
